<?xml version="1.0" encoding="UTF-8"?>
<testsuite xmlns:xsi="http://www.w3.org/2001/XMLSchema-instance" xsi:noNamespaceSchemaLocation="https://maven.apache.org/surefire/maven-surefire-plugin/xsd/surefire-test-report-3.0.xsd" version="3.0" name="com.example.PostgresTest" time="6.735" tests="1" errors="0" skipped="0" failures="0">
  <properties>
    <property name="java.specification.version" value="21"/>
    <property name="sun.jnu.encoding" value="UTF-8"/>
    <property name="java.class.path" value="/mnt/c/Users/ALEX/Downloads/testcontainers-sample/testcontainers-sample/target/test-classes:/mnt/c/Users/ALEX/Downloads/testcontainers-sample/testcontainers-sample/target/classes:/home/alexv/.m2/repository/org/testcontainers/testcontainers/1.19.0/testcontainers-1.19.0.jar:/home/alexv/.m2/repository/junit/junit/4.13.2/junit-4.13.2.jar:/home/alexv/.m2/repository/org/hamcrest/hamcrest-core/1.3/hamcrest-core-1.3.jar:/home/alexv/.m2/repository/org/slf4j/slf4j-api/1.7.36/slf4j-api-1.7.36.jar:/home/alexv/.m2/repository/org/apache/commons/commons-compress/1.23.0/commons-compress-1.23.0.jar:/home/alexv/.m2/repository/org/rnorth/duct-tape/duct-tape/1.0.8/duct-tape-1.0.8.jar:/home/alexv/.m2/repository/org/jetbrains/annotations/17.0.0/annotations-17.0.0.jar:/home/alexv/.m2/repository/com/github/docker-java/docker-java-api/3.3.3/docker-java-api-3.3.3.jar:/home/alexv/.m2/repository/com/fasterxml/jackson/core/jackson-annotations/2.10.3/jackson-annotations-2.10.3.jar:/home/alexv/.m2/repository/com/github/docker-java/docker-java-transport-zerodep/3.3.3/docker-java-transport-zerodep-3.3.3.jar:/home/alexv/.m2/repository/com/github/docker-java/docker-java-transport/3.3.3/docker-java-transport-3.3.3.jar:/home/alexv/.m2/repository/net/java/dev/jna/jna/5.12.1/jna-5.12.1.jar:/home/alexv/.m2/repository/org/testcontainers/postgresql/1.19.0/postgresql-1.19.0.jar:/home/alexv/.m2/repository/org/testcontainers/jdbc/1.19.0/jdbc-1.19.0.jar:/home/alexv/.m2/repository/org/testcontainers/database-commons/1.19.0/database-commons-1.19.0.jar:/home/alexv/.m2/repository/org/junit/jupiter/junit-jupiter/5.10.0/junit-jupiter-5.10.0.jar:/home/alexv/.m2/repository/org/junit/jupiter/junit-jupiter-api/5.10.0/junit-jupiter-api-5.10.0.jar:/home/alexv/.m2/repository/org/opentest4j/opentest4j/1.3.0/opentest4j-1.3.0.jar:/home/alexv/.m2/repository/org/junit/platform/junit-platform-commons/1.10.0/junit-platform-commons-1.10.0.jar:/home/alexv/.m2/repository/org/apiguardian/apiguardian-api/1.1.2/apiguardian-api-1.1.2.jar:/home/alexv/.m2/repository/org/junit/jupiter/junit-jupiter-params/5.10.0/junit-jupiter-params-5.10.0.jar:/home/alexv/.m2/repository/org/junit/jupiter/junit-jupiter-engine/5.10.0/junit-jupiter-engine-5.10.0.jar:/home/alexv/.m2/repository/org/junit/platform/junit-platform-engine/1.10.0/junit-platform-engine-1.10.0.jar:/home/alexv/.m2/repository/org/liquibase/liquibase-core/4.23.0/liquibase-core-4.23.0.jar:/home/alexv/.m2/repository/com/opencsv/opencsv/5.7.1/opencsv-5.7.1.jar:/home/alexv/.m2/repository/org/apache/commons/commons-lang3/3.12.0/commons-lang3-3.12.0.jar:/home/alexv/.m2/repository/org/apache/commons/commons-text/1.10.0/commons-text-1.10.0.jar:/home/alexv/.m2/repository/org/apache/commons/commons-collections4/4.4/commons-collections4-4.4.jar:/home/alexv/.m2/repository/org/yaml/snakeyaml/2.0/snakeyaml-2.0.jar:/home/alexv/.m2/repository/javax/xml/bind/jaxb-api/2.3.1/jaxb-api-2.3.1.jar:/home/alexv/.m2/repository/javax/activation/javax.activation-api/1.2.0/javax.activation-api-1.2.0.jar:/home/alexv/.m2/repository/org/postgresql/postgresql/42.6.0/postgresql-42.6.0.jar:/home/alexv/.m2/repository/org/checkerframework/checker-qual/3.31.0/checker-qual-3.31.0.jar:"/>
    <property name="java.vm.vendor" value="Ubuntu"/>
    <property name="sun.arch.data.model" value="64"/>
    <property name="java.vendor.url" value="https://ubuntu.com/"/>
    <property name="user.timezone" value="Europe/Paris"/>
    <property name="os.name" value="Linux"/>
    <property name="java.vm.specification.version" value="21"/>
    <property name="sun.java.launcher" value="SUN_STANDARD"/>
    <property name="sun.boot.library.path" value="/usr/lib/jvm/java-21-openjdk-amd64/lib"/>
    <property name="sun.java.command" value="/mnt/c/Users/ALEX/Downloads/testcontainers-sample/testcontainers-sample/target/surefire/surefirebooter-20250106174504495_3.jar /mnt/c/Users/ALEX/Downloads/testcontainers-sample/testcontainers-sample/target/surefire 2025-01-06T17-45-04_382-jvmRun1 surefire-20250106174504495_1tmp surefire_0-20250106174504495_2tmp"/>
    <property name="jdk.debug" value="release"/>
    <property name="surefire.test.class.path" value="/mnt/c/Users/ALEX/Downloads/testcontainers-sample/testcontainers-sample/target/test-classes:/mnt/c/Users/ALEX/Downloads/testcontainers-sample/testcontainers-sample/target/classes:/home/alexv/.m2/repository/org/testcontainers/testcontainers/1.19.0/testcontainers-1.19.0.jar:/home/alexv/.m2/repository/junit/junit/4.13.2/junit-4.13.2.jar:/home/alexv/.m2/repository/org/hamcrest/hamcrest-core/1.3/hamcrest-core-1.3.jar:/home/alexv/.m2/repository/org/slf4j/slf4j-api/1.7.36/slf4j-api-1.7.36.jar:/home/alexv/.m2/repository/org/apache/commons/commons-compress/1.23.0/commons-compress-1.23.0.jar:/home/alexv/.m2/repository/org/rnorth/duct-tape/duct-tape/1.0.8/duct-tape-1.0.8.jar:/home/alexv/.m2/repository/org/jetbrains/annotations/17.0.0/annotations-17.0.0.jar:/home/alexv/.m2/repository/com/github/docker-java/docker-java-api/3.3.3/docker-java-api-3.3.3.jar:/home/alexv/.m2/repository/com/fasterxml/jackson/core/jackson-annotations/2.10.3/jackson-annotations-2.10.3.jar:/home/alexv/.m2/repository/com/github/docker-java/docker-java-transport-zerodep/3.3.3/docker-java-transport-zerodep-3.3.3.jar:/home/alexv/.m2/repository/com/github/docker-java/docker-java-transport/3.3.3/docker-java-transport-3.3.3.jar:/home/alexv/.m2/repository/net/java/dev/jna/jna/5.12.1/jna-5.12.1.jar:/home/alexv/.m2/repository/org/testcontainers/postgresql/1.19.0/postgresql-1.19.0.jar:/home/alexv/.m2/repository/org/testcontainers/jdbc/1.19.0/jdbc-1.19.0.jar:/home/alexv/.m2/repository/org/testcontainers/database-commons/1.19.0/database-commons-1.19.0.jar:/home/alexv/.m2/repository/org/junit/jupiter/junit-jupiter/5.10.0/junit-jupiter-5.10.0.jar:/home/alexv/.m2/repository/org/junit/jupiter/junit-jupiter-api/5.10.0/junit-jupiter-api-5.10.0.jar:/home/alexv/.m2/repository/org/opentest4j/opentest4j/1.3.0/opentest4j-1.3.0.jar:/home/alexv/.m2/repository/org/junit/platform/junit-platform-commons/1.10.0/junit-platform-commons-1.10.0.jar:/home/alexv/.m2/repository/org/apiguardian/apiguardian-api/1.1.2/apiguardian-api-1.1.2.jar:/home/alexv/.m2/repository/org/junit/jupiter/junit-jupiter-params/5.10.0/junit-jupiter-params-5.10.0.jar:/home/alexv/.m2/repository/org/junit/jupiter/junit-jupiter-engine/5.10.0/junit-jupiter-engine-5.10.0.jar:/home/alexv/.m2/repository/org/junit/platform/junit-platform-engine/1.10.0/junit-platform-engine-1.10.0.jar:/home/alexv/.m2/repository/org/liquibase/liquibase-core/4.23.0/liquibase-core-4.23.0.jar:/home/alexv/.m2/repository/com/opencsv/opencsv/5.7.1/opencsv-5.7.1.jar:/home/alexv/.m2/repository/org/apache/commons/commons-lang3/3.12.0/commons-lang3-3.12.0.jar:/home/alexv/.m2/repository/org/apache/commons/commons-text/1.10.0/commons-text-1.10.0.jar:/home/alexv/.m2/repository/org/apache/commons/commons-collections4/4.4/commons-collections4-4.4.jar:/home/alexv/.m2/repository/org/yaml/snakeyaml/2.0/snakeyaml-2.0.jar:/home/alexv/.m2/repository/javax/xml/bind/jaxb-api/2.3.1/jaxb-api-2.3.1.jar:/home/alexv/.m2/repository/javax/activation/javax.activation-api/1.2.0/javax.activation-api-1.2.0.jar:/home/alexv/.m2/repository/org/postgresql/postgresql/42.6.0/postgresql-42.6.0.jar:/home/alexv/.m2/repository/org/checkerframework/checker-qual/3.31.0/checker-qual-3.31.0.jar:"/>
    <property name="sun.cpu.endian" value="little"/>
    <property name="user.home" value="/home/alexv"/>
    <property name="user.language" value="en"/>
    <property name="java.specification.vendor" value="Oracle Corporation"/>
    <property name="java.version.date" value="2024-10-15"/>
    <property name="java.home" value="/usr/lib/jvm/java-21-openjdk-amd64"/>
    <property name="file.separator" value="/"/>
    <property name="basedir" value="/mnt/c/Users/ALEX/Downloads/testcontainers-sample/testcontainers-sample"/>
    <property name="java.vm.compressedOopsMode" value="32-bit"/>
    <property name="line.separator" value="&#10;"/>
    <property name="java.vm.specification.vendor" value="Oracle Corporation"/>
    <property name="java.specification.name" value="Java Platform API Specification"/>
    <property name="surefire.real.class.path" value="/mnt/c/Users/ALEX/Downloads/testcontainers-sample/testcontainers-sample/target/surefire/surefirebooter-20250106174504495_3.jar"/>
    <property name="sun.management.compiler" value="HotSpot 64-Bit Tiered Compilers"/>
    <property name="java.runtime.version" value="21.0.5+11-Ubuntu-1ubuntu124.04"/>
    <property name="user.name" value="alexv"/>
    <property name="stdout.encoding" value="UTF-8"/>
    <property name="path.separator" value=":"/>
    <property name="os.version" value="5.15.133.1-microsoft-standard-WSL2"/>
    <property name="java.runtime.name" value="OpenJDK Runtime Environment"/>
    <property name="file.encoding" value="UTF-8"/>
    <property name="java.vm.name" value="OpenJDK 64-Bit Server VM"/>
    <property name="localRepository" value="/home/alexv/.m2/repository"/>
    <property name="java.vendor.url.bug" value="https://bugs.launchpad.net/ubuntu/+source/openjdk-21"/>
    <property name="java.io.tmpdir" value="/tmp"/>
    <property name="java.version" value="21.0.5"/>
    <property name="user.dir" value="/mnt/c/Users/ALEX/Downloads/testcontainers-sample/testcontainers-sample"/>
    <property name="os.arch" value="amd64"/>
    <property name="java.vm.specification.name" value="Java Virtual Machine Specification"/>
    <property name="native.encoding" value="UTF-8"/>
    <property name="java.library.path" value="/usr/java/packages/lib:/usr/lib/x86_64-linux-gnu/jni:/lib/x86_64-linux-gnu:/usr/lib/x86_64-linux-gnu:/usr/lib/jni:/lib:/usr/lib"/>
    <property name="stderr.encoding" value="UTF-8"/>
    <property name="java.vm.info" value="mixed mode, sharing"/>
    <property name="java.vendor" value="Ubuntu"/>
    <property name="java.vm.version" value="21.0.5+11-Ubuntu-1ubuntu124.04"/>
    <property name="sun.io.unicode.encoding" value="UnicodeLittle"/>
    <property name="java.class.version" value="65.0"/>
  </properties>
  <testcase name="testLiquibaseWithPostgres" classname="com.example.PostgresTest" time="6.684">
    <system-out><![CDATA[PostgreSQL is running at: jdbc:postgresql://localhost:32773/test?loggerLevel=OFF
Docker container logs: 
The files belonging to this database system will be owned by user "postgres".
This user must also own the server process.

The database cluster will be initialized with locale "en_US.utf8".
The default database encoding has accordingly been set to "UTF8".
The default text search configuration will be set to "english".

Data page checksums are disabled.

fixing permissions on existing directory /var/lib/postgresql/data ... ok
creating subdirectories ... ok
selecting dynamic shared memory implementation ... posix
selecting default max_connections ... 100
selecting default shared_buffers ... 128MB
selecting default time zone ... UTC
creating configuration files ... ok
running bootstrap script ... ok
sh: locale: not found
2025-01-06 16:45:08.919 UTC [35] WARNING:  no usable system locales were found
performing post-bootstrap initialization ... ok
initdb: warning: enabling "trust" authentication for local connections
initdb: hint: You can change this by editing pg_hba.conf or using the option -A, or --auth-local and --auth-host, the next time you run initdb.
syncing data to disk ... ok


Success. You can now start the database server using:

    pg_ctl -D /var/lib/postgresql/data -l logfile start

waiting for server to start....2025-01-06 16:45:09.458 UTC [41] LOG:  starting PostgreSQL 15.10 on x86_64-pc-linux-musl, compiled by gcc (Alpine 14.2.0) 14.2.0, 64-bit
2025-01-06 16:45:09.459 UTC [41] LOG:  listening on Unix socket "/var/run/postgresql/.s.PGSQL.5432"
2025-01-06 16:45:09.460 UTC [44] LOG:  database system was shut down at 2025-01-06 16:45:09 UTC
2025-01-06 16:45:09.462 UTC [41] LOG:  database system is ready to accept connections
 done
server started
CREATE DATABASE


/usr/local/bin/docker-entrypoint.sh: ignoring /docker-entrypoint-initdb.d/*

waiting for server to shut down...2025-01-06 16:45:09.586 UTC [41] LOG:  received fast shutdown request
.2025-01-06 16:45:09.586 UTC [41] LOG:  aborting any active transactions
2025-01-06 16:45:09.587 UTC [41] LOG:  background worker "logical replication launcher" (PID 47) exited with exit code 1
2025-01-06 16:45:09.587 UTC [42] LOG:  shutting down
2025-01-06 16:45:09.587 UTC [42] LOG:  checkpoint starting: shutdown immediate
2025-01-06 16:45:09.594 UTC [42] LOG:  checkpoint complete: wrote 920 buffers (5.6%); 0 WAL file(s) added, 0 removed, 0 recycled; write=0.007 s, sync=0.001 s, total=0.007 s; sync files=0, longest=0.000 s, average=0.000 s; distance=4233 kB, estimate=4233 kB
2025-01-06 16:45:09.597 UTC [41] LOG:  database system is shut down
 done
server stopped

PostgreSQL init process complete; ready for start up.

2025-01-06 16:45:09.704 UTC [1] LOG:  starting PostgreSQL 15.10 on x86_64-pc-linux-musl, compiled by gcc (Alpine 14.2.0) 14.2.0, 64-bit
2025-01-06 16:45:09.704 UTC [1] LOG:  listening on IPv4 address "0.0.0.0", port 5432
2025-01-06 16:45:09.705 UTC [1] LOG:  listening on IPv6 address "::", port 5432
2025-01-06 16:45:09.705 UTC [1] LOG:  listening on Unix socket "/var/run/postgresql/.s.PGSQL.5432"
2025-01-06 16:45:09.706 UTC [57] LOG:  database system was shut down at 2025-01-06 16:45:09 UTC
2025-01-06 16:45:09.708 UTC [1] LOG:  database system is ready to accept connections

Running Changeset: db/changelog/db.changelog.xml::1::test

UPDATE SUMMARY
Run:                          1
Previously run:               0
Filtered out:                 0
-------------------------------
Total change sets:            1

Liquibase: Update has been successful.
]]></system-out>
    <system-err><![CDATA[SLF4J: Failed to load class "org.slf4j.impl.StaticLoggerBinder".
SLF4J: Defaulting to no-operation (NOP) logger implementation
SLF4J: See http://www.slf4j.org/codes.html#StaticLoggerBinder for further details.
Jan 06, 2025 5:45:10 PM liquibase.database
INFO: Set default schema name to public
Jan 06, 2025 5:45:10 PM liquibase.lockservice
INFO: Successfully acquired change log lock
Jan 06, 2025 5:45:11 PM liquibase.changelog
INFO: Creating database history table with name: public.databasechangelog
Jan 06, 2025 5:45:11 PM liquibase.changelog
INFO: Reading from public.databasechangelog
Jan 06, 2025 5:45:11 PM liquibase.command
INFO: Using deploymentId: 6181911575
Jan 06, 2025 5:45:11 PM liquibase.changelog
INFO: Reading from public.databasechangelog
Jan 06, 2025 5:45:11 PM liquibase.changelog
INFO: Table users created
Jan 06, 2025 5:45:11 PM liquibase.changelog
INFO: ChangeSet db/changelog/db.changelog.xml::1::test ran successfully in 9ms
Jan 06, 2025 5:45:11 PM liquibase.util
INFO: UPDATE SUMMARY
Jan 06, 2025 5:45:11 PM liquibase.util
INFO: Run:                          1
Jan 06, 2025 5:45:11 PM liquibase.util
INFO: Previously run:               0
Jan 06, 2025 5:45:11 PM liquibase.util
INFO: Filtered out:                 0
Jan 06, 2025 5:45:11 PM liquibase.util
INFO: -------------------------------
Jan 06, 2025 5:45:11 PM liquibase.util
INFO: Total change sets:            1

Jan 06, 2025 5:45:11 PM liquibase.util
INFO: Update summary generated
Jan 06, 2025 5:45:11 PM liquibase.command
INFO: Update command completed successfully.
Jan 06, 2025 5:45:11 PM liquibase.lockservice
INFO: Successfully released change log lock
Jan 06, 2025 5:45:11 PM liquibase.lockservice
INFO: Successfully released change log lock
Jan 06, 2025 5:45:11 PM liquibase.command
INFO: Command execution complete
]]></system-err>
  </testcase>
</testsuite>